[2025-01-28 18:02:47,953] INFO [myapp.utils:29] Cache hit for key: all_products, value: [{'id': 2, 'name': 'eden', 'description': 'gfgsgssdgfg', 'price': 5.0, 'stock': 100, 'image': 'products/מאמי_אל_תכעסי_עליי_W1C1Qe1.jpg', 'category_id': 1, 'supplier_id': 1}, {'id': 3, 'name': 'boobies', 'description': 'big round beuties', 'price': 1.0, 'stock': 111, 'image': 'products/מאמי_אל_תכעסי_עליי_BKAfFWP.jpg', 'category_id': 1, 'supplier_id': 1}, {'id': 4, 'name': 'egor', 'description': 'belarusian cuckolder', 'price': 1111.0, 'stock': 111, 'image': 'products/WhatsApp_Image_2024-10-23_at_17_U4Ujyxw.20.42.png', 'category_id': 1, 'supplier_id': 1}, {'id': 5, 'name': 'boobies', 'description': 'sdgsdgsgds', 'price': 4.0, 'stock': 111, 'image': 'products/WhatsApp_Image_2024-10-23_at_17_VuoNuRP.20.42.png', 'category_id': 1, 'supplier_id': 1}]
[2025-01-28 18:02:47,955] INFO [django.server:213] "GET /products/ HTTP/1.1" 200 720
[2025-01-28 18:04:03,513] INFO [django.utils.autoreload:266] /app/myapp/views/productViews.py changed, reloading.
[2025-01-28 18:04:04,094] INFO [django.utils.autoreload:668] Watching for file changes with StatReloader
[2025-01-28 18:04:06,981] INFO [django.utils.autoreload:266] /app/myapp/views/productViews.py changed, reloading.
[2025-01-28 18:04:07,590] INFO [django.utils.autoreload:668] Watching for file changes with StatReloader
[2025-01-28 19:20:31,743] INFO [django.server:213] "OPTIONS /login/ HTTP/1.1" 200 0
[2025-01-28 19:20:32,240] INFO [django.server:213] "POST /login/ HTTP/1.1" 200 532
[2025-01-28 19:20:32,330] INFO [django.server:213] "OPTIONS /carts/ HTTP/1.1" 200 0
[2025-01-28 19:20:32,359] INFO [django.server:213] "GET /carts/ HTTP/1.1" 200 364
[2025-01-28 19:20:34,992] INFO [django.server:213] "OPTIONS /products/ HTTP/1.1" 200 0
[2025-01-28 19:20:35,004] INFO [myapp.utils:32] Cache miss for key: all_products. Fetching and caching data.
[2025-01-28 19:20:35,006] INFO [myapp.utils:35] Fetched data for key: all_products, value: [{'id': 2, 'name': 'eden', 'description': 'gfgsgssdgfg', 'price': Decimal('5.00'), 'stock': 100, 'image': 'products/מאמי_אל_תכעסי_עליי_W1C1Qe1.jpg', 'category_id': 1, 'supplier_id': 1}, {'id': 3, 'name': 'boobies', 'description': 'big round beuties', 'price': Decimal('1.00'), 'stock': 111, 'image': 'products/מאמי_אל_תכעסי_עליי_BKAfFWP.jpg', 'category_id': 1, 'supplier_id': 1}, {'id': 4, 'name': 'egor', 'description': 'belarusian cuckolder', 'price': Decimal('1111.00'), 'stock': 111, 'image': 'products/WhatsApp_Image_2024-10-23_at_17_U4Ujyxw.20.42.png', 'category_id': 1, 'supplier_id': 1}, {'id': 5, 'name': 'boobies', 'description': 'sdgsdgsgds', 'price': Decimal('4.00'), 'stock': 111, 'image': 'products/WhatsApp_Image_2024-10-23_at_17_VuoNuRP.20.42.png', 'category_id': 1, 'supplier_id': 1}]
[2025-01-28 19:20:35,008] INFO [django.server:213] "GET /products/ HTTP/1.1" 200 720
[2025-01-28 19:20:35,058] INFO [django.server:213] "OPTIONS /categories/ HTTP/1.1" 200 0
[2025-01-28 19:20:35,059] INFO [django.server:213] "OPTIONS /suppliers/ HTTP/1.1" 200 0
[2025-01-28 19:20:35,069] INFO [django.server:213] "GET /suppliers/ HTTP/1.1" 200 105
[2025-01-28 19:20:35,111] INFO [django.server:213] "GET /categories/ HTTP/1.1" 200 52
[2025-01-28 19:21:21,357] INFO [myapp.utils:46] Deleting cache for key: all_products
[2025-01-28 19:21:21,358] INFO [django.server:213] "POST /products/ HTTP/1.1" 201 172
[2025-01-28 19:21:21,372] INFO [myapp.utils:32] Cache miss for key: all_products. Fetching and caching data.
[2025-01-28 19:21:21,373] INFO [myapp.utils:35] Fetched data for key: all_products, value: [{'id': 2, 'name': 'eden', 'description': 'gfgsgssdgfg', 'price': Decimal('5.00'), 'stock': 100, 'image': 'products/מאמי_אל_תכעסי_עליי_W1C1Qe1.jpg', 'category_id': 1, 'supplier_id': 1}, {'id': 3, 'name': 'boobies', 'description': 'big round beuties', 'price': Decimal('1.00'), 'stock': 111, 'image': 'products/מאמי_אל_תכעסי_עליי_BKAfFWP.jpg', 'category_id': 1, 'supplier_id': 1}, {'id': 4, 'name': 'egor', 'description': 'belarusian cuckolder', 'price': Decimal('1111.00'), 'stock': 111, 'image': 'products/WhatsApp_Image_2024-10-23_at_17_U4Ujyxw.20.42.png', 'category_id': 1, 'supplier_id': 1}, {'id': 5, 'name': 'boobies', 'description': 'sdgsdgsgds', 'price': Decimal('4.00'), 'stock': 111, 'image': 'products/WhatsApp_Image_2024-10-23_at_17_VuoNuRP.20.42.png', 'category_id': 1, 'supplier_id': 1}, {'id': 6, 'name': 'סיימון', 'description': 'hyeyreyre', 'price': Decimal('10000.00'), 'stock': 100000, 'image': 'products/what_IOXvJs0.jpg', 'category_id': 1, 'supplier_id': 1}]
[2025-01-28 19:21:21,375] INFO [django.server:213] "GET /products/ HTTP/1.1" 200 876
[2025-01-28 19:21:21,437] INFO [django.server:213] "GET /categories/ HTTP/1.1" 200 52
[2025-01-28 19:21:21,439] INFO [django.server:213] "GET /suppliers/ HTTP/1.1" 200 105
[2025-01-28 19:21:57,291] INFO [django.utils.autoreload:266] /app/myapp/views/productViews.py changed, reloading.
[2025-01-28 19:21:58,241] INFO [django.utils.autoreload:668] Watching for file changes with StatReloader
[2025-01-28 19:26:06,834] INFO [django.utils.autoreload:266] /app/myproj/settings.py changed, reloading.
[2025-01-28 19:26:07,827] INFO [django.utils.autoreload:668] Watching for file changes with StatReloader
[2025-01-28 19:26:21,704] INFO [django.utils.autoreload:266] /app/myproj/settings.py changed, reloading.
[2025-01-28 19:26:22,227] INFO [django.utils.autoreload:668] Watching for file changes with StatReloader
[2025-01-28 19:28:46,364] INFO [django.utils.autoreload:266] /app/myproj/settings.py changed, reloading.
[2025-01-28 19:28:47,226] INFO [django.utils.autoreload:668] Watching for file changes with StatReloader
[2025-01-28 19:28:49,406] INFO [django.utils.autoreload:266] /app/myproj/settings.py changed, reloading.
[2025-01-28 19:28:50,018] INFO [django.utils.autoreload:668] Watching for file changes with StatReloader
[2025-01-28 19:28:54,359] INFO [django.utils.autoreload:266] /app/myproj/settings.py changed, reloading.
[2025-01-28 19:28:54,958] INFO [django.utils.autoreload:668] Watching for file changes with StatReloader
[2025-01-28 19:29:10,643] INFO [django.utils.autoreload:266] /app/myproj/settings.py changed, reloading.
[2025-01-28 19:29:11,211] INFO [django.utils.autoreload:668] Watching for file changes with StatReloader
[2025-01-28 19:29:15,285] INFO [django.utils.autoreload:266] /app/myproj/settings.py changed, reloading.
[2025-01-28 19:29:15,796] INFO [django.utils.autoreload:668] Watching for file changes with StatReloader
[2025-01-28 19:29:34,979] INFO [django.utils.autoreload:266] /app/myproj/settings.py changed, reloading.
[2025-01-28 19:29:35,557] INFO [django.utils.autoreload:668] Watching for file changes with StatReloader
[2025-01-28 19:29:40,832] INFO [django.utils.autoreload:266] /app/myproj/settings.py changed, reloading.
[2025-01-28 19:29:41,447] INFO [django.utils.autoreload:668] Watching for file changes with StatReloader
[2025-01-28 19:49:55,073] INFO [django.utils.autoreload:266] /app/myapp/views/productViews.py changed, reloading.
[2025-01-28 19:49:56,038] INFO [django.utils.autoreload:668] Watching for file changes with StatReloader
[2025-01-28 19:49:58,080] INFO [django.utils.autoreload:266] /app/myapp/views/productViews.py changed, reloading.
[2025-01-28 19:49:58,716] INFO [django.utils.autoreload:668] Watching for file changes with StatReloader
[2025-01-28 19:50:10,537] INFO [django.utils.autoreload:266] /app/myapp/views/productViews.py changed, reloading.
[2025-01-28 19:50:11,126] INFO [django.utils.autoreload:668] Watching for file changes with StatReloader
[2025-01-28 19:50:15,497] INFO [myapp.utils:32] Cache miss for key: all_products. Fetching and caching data.
[2025-01-28 19:50:15,500] INFO [myapp.utils:35] Fetched data for key: all_products, value: [{'id': 2, 'name': 'eden', 'description': 'gfgsgssdgfg', 'price': Decimal('5.00'), 'stock': 100, 'image': '/media/products/מאמי_אל_תכעסי_עליי_W1C1Qe1.jpg', 'category_id': 1, 'supplier_id': 1}, {'id': 3, 'name': 'boobies', 'description': 'big round beuties', 'price': Decimal('1.00'), 'stock': 111, 'image': '/media/products/מאמי_אל_תכעסי_עליי_BKAfFWP.jpg', 'category_id': 1, 'supplier_id': 1}, {'id': 4, 'name': 'egor', 'description': 'belarusian cuckolder', 'price': Decimal('1111.00'), 'stock': 111, 'image': '/media/products/WhatsApp_Image_2024-10-23_at_17_U4Ujyxw.20.42.png', 'category_id': 1, 'supplier_id': 1}, {'id': 5, 'name': 'boobies', 'description': 'sdgsdgsgds', 'price': Decimal('4.00'), 'stock': 111, 'image': '/media/products/WhatsApp_Image_2024-10-23_at_17_VuoNuRP.20.42.png', 'category_id': 1, 'supplier_id': 1}, {'id': 6, 'name': 'סיימון', 'description': 'hyeyreyre', 'price': Decimal('10000.00'), 'stock': 100000, 'image': '/media/products/what_IOXvJs0.jpg', 'category_id': 1, 'supplier_id': 1}]
[2025-01-28 19:50:15,504] INFO [django.server:213] "GET /products/ HTTP/1.1" 200 911
[2025-01-28 19:50:15,562] INFO [django.server:213] "GET /categories/ HTTP/1.1" 200 52
[2025-01-28 19:50:15,570] INFO [django.server:213] "GET /suppliers/ HTTP/1.1" 200 105
[2025-01-28 19:50:15,652] INFO [django.server:213] "GET /media/products/WhatsApp_Image_2024-10-23_at_17_U4Ujyxw.20.42.png HTTP/1.1" 304 0
[2025-01-28 19:50:15,654] INFO [django.server:213] "GET /media/products/%D7%9E%D7%90%D7%9E%D7%99_%D7%90%D7%9C_%D7%AA%D7%9B%D7%A2%D7%A1%D7%99_%D7%A2%D7%9C%D7%99%D7%99_W1C1Qe1.jpg HTTP/1.1" 304 0
[2025-01-28 19:50:15,655] INFO [django.server:213] "GET /media/products/%D7%9E%D7%90%D7%9E%D7%99_%D7%90%D7%9C_%D7%AA%D7%9B%D7%A2%D7%A1%D7%99_%D7%A2%D7%9C%D7%99%D7%99_BKAfFWP.jpg HTTP/1.1" 304 0
[2025-01-28 19:50:15,670] INFO [django.server:213] "GET /media/products/what_IOXvJs0.jpg HTTP/1.1" 200 5704
[2025-01-28 19:50:15,690] INFO [django.server:213] "GET /media/products/WhatsApp_Image_2024-10-23_at_17_VuoNuRP.20.42.png HTTP/1.1" 200 53527
[2025-01-28 19:50:31,213] INFO [django.utils.autoreload:266] /app/myapp/views/productViews.py changed, reloading.
[2025-01-28 19:50:31,974] INFO [django.utils.autoreload:668] Watching for file changes with StatReloader
[2025-01-29 20:13:18,312] INFO [django.utils.autoreload:668] Watching for file changes with StatReloader
[2025-01-29 20:13:20,131] INFO [django.server:213] "OPTIONS /login/ HTTP/1.1" 200 0
[2025-01-29 20:13:20,737] INFO [django.server:213] "POST /login/ HTTP/1.1" 200 532
[2025-01-29 20:13:20,824] INFO [django.server:213] "OPTIONS /carts/ HTTP/1.1" 200 0
[2025-01-29 20:13:20,860] INFO [django.server:213] "GET /carts/ HTTP/1.1" 200 364
[2025-01-29 20:13:24,384] INFO [django.server:213] "OPTIONS /products/ HTTP/1.1" 200 0
[2025-01-29 20:13:24,396] INFO [myapp.utils:32] Cache miss for key: all_products. Fetching and caching data.
[2025-01-29 20:13:24,403] INFO [myapp.utils:35] Fetched data for key: all_products, value: [{'id': 2, 'name': 'eden', 'description': 'gfgsgssdgfg', 'price': Decimal('5.00'), 'stock': 100, 'image': '/media/products/מאמי_אל_תכעסי_עליי_W1C1Qe1.jpg', 'category_id': 1, 'supplier_id': 1}, {'id': 3, 'name': 'boobies', 'description': 'big round beuties', 'price': Decimal('1.00'), 'stock': 111, 'image': '/media/products/מאמי_אל_תכעסי_עליי_BKAfFWP.jpg', 'category_id': 1, 'supplier_id': 1}, {'id': 4, 'name': 'egor', 'description': 'belarusian cuckolder', 'price': Decimal('1111.00'), 'stock': 111, 'image': '/media/products/WhatsApp_Image_2024-10-23_at_17_U4Ujyxw.20.42.png', 'category_id': 1, 'supplier_id': 1}, {'id': 5, 'name': 'boobies', 'description': 'sdgsdgsgds', 'price': Decimal('4.00'), 'stock': 111, 'image': '/media/products/WhatsApp_Image_2024-10-23_at_17_VuoNuRP.20.42.png', 'category_id': 1, 'supplier_id': 1}, {'id': 6, 'name': 'סיימון', 'description': 'hyeyreyre', 'price': Decimal('10000.00'), 'stock': 100000, 'image': '/media/products/what_IOXvJs0.jpg', 'category_id': 1, 'supplier_id': 1}]
[2025-01-29 20:13:24,404] INFO [django.server:213] "GET /products/ HTTP/1.1" 200 911
[2025-01-29 20:13:24,459] INFO [django.server:213] "OPTIONS /categories/ HTTP/1.1" 200 0
[2025-01-29 20:13:24,462] INFO [django.server:213] "OPTIONS /suppliers/ HTTP/1.1" 200 0
[2025-01-29 20:13:24,483] INFO [django.server:213] "GET /suppliers/ HTTP/1.1" 200 105
[2025-01-29 20:13:24,499] INFO [django.server:213] "GET /media/products/%D7%9E%D7%90%D7%9E%D7%99_%D7%90%D7%9C_%D7%AA%D7%9B%D7%A2%D7%A1%D7%99_%D7%A2%D7%9C%D7%99%D7%99_W1C1Qe1.jpg HTTP/1.1" 304 0
[2025-01-29 20:13:24,499] INFO [django.server:213] "GET /media/products/%D7%9E%D7%90%D7%9E%D7%99_%D7%90%D7%9C_%D7%AA%D7%9B%D7%A2%D7%A1%D7%99_%D7%A2%D7%9C%D7%99%D7%99_BKAfFWP.jpg HTTP/1.1" 304 0
[2025-01-29 20:13:24,506] INFO [django.server:213] "GET /media/products/WhatsApp_Image_2024-10-23_at_17_VuoNuRP.20.42.png HTTP/1.1" 304 0
[2025-01-29 20:13:24,506] INFO [django.server:213] "GET /media/products/WhatsApp_Image_2024-10-23_at_17_U4Ujyxw.20.42.png HTTP/1.1" 304 0
[2025-01-29 20:13:24,506] INFO [django.server:213] "GET /media/products/what_IOXvJs0.jpg HTTP/1.1" 304 0
[2025-01-29 20:13:24,531] INFO [django.server:213] "GET /categories/ HTTP/1.1" 200 52
[2025-01-29 20:13:43,603] INFO [django.server:213] "GET /carts/ HTTP/1.1" 200 364
[2025-01-29 20:19:26,220] INFO [django.server:213] "POST /login/ HTTP/1.1" 200 532
[2025-01-29 20:19:26,266] INFO [django.server:213] "GET /carts/ HTTP/1.1" 200 364
[2025-01-29 20:19:31,790] INFO [django.server:213] "OPTIONS /cart_link_products/ HTTP/1.1" 200 0
[2025-01-29 20:19:31,802] INFO [django.server:213] "GET /cart_link_products/ HTTP/1.1" 200 2
[2025-01-29 20:20:12,595] INFO [django.server:213] "GET /cart_link_products/ HTTP/1.1" 200 2
[2025-01-29 20:20:33,757] INFO [django.server:213] "GET /cart_link_products/ HTTP/1.1" 200 2
[2025-01-29 20:20:35,138] INFO [django.server:213] "GET /cart_link_products/ HTTP/1.1" 200 2
[2025-01-29 20:22:00,513] INFO [django.server:213] "GET /cart_link_products/ HTTP/1.1" 200 2
[2025-01-29 20:23:11,695] INFO [django.server:213] "GET /cart_link_products/ HTTP/1.1" 200 2
[2025-01-29 20:24:37,287] INFO [django.server:213] "GET /cart_link_products/ HTTP/1.1" 200 2
[2025-01-29 20:24:51,720] INFO [django.server:213] "GET /cart_link_products/ HTTP/1.1" 200 2
[2025-01-29 20:25:05,500] INFO [django.server:213] "GET /cart_link_products/ HTTP/1.1" 200 2
[2025-01-29 20:34:19,552] INFO [django.server:213] "GET /cart_link_products/ HTTP/1.1" 200 2
[2025-01-29 20:34:26,165] INFO [django.server:213] "GET /cart_link_products/ HTTP/1.1" 200 2
[2025-01-29 20:34:29,831] INFO [django.server:213] "GET /cart_link_products/ HTTP/1.1" 200 2
[2025-01-29 20:34:32,502] INFO [django.server:213] "GET /cart_link_products/ HTTP/1.1" 200 2
[2025-01-29 20:35:52,830] INFO [django.server:213] "GET /cart_link_products/ HTTP/1.1" 200 2
[2025-01-29 20:39:01,291] INFO [django.server:213] "GET /cart_link_products/ HTTP/1.1" 200 2
[2025-01-29 20:46:28,586] INFO [django.server:213] "GET /carts/ HTTP/1.1" 200 364
[2025-01-29 20:51:02,116] INFO [django.server:213] "GET /carts/ HTTP/1.1" 200 364
[2025-01-29 20:55:54,915] INFO [django.server:213] "GET /carts/ HTTP/1.1" 200 364
[2025-01-29 20:56:06,672] INFO [myapp.utils:32] Cache miss for key: all_products. Fetching and caching data.
[2025-01-29 20:56:06,674] INFO [myapp.utils:35] Fetched data for key: all_products, value: [{'id': 2, 'name': 'eden', 'description': 'gfgsgssdgfg', 'price': Decimal('5.00'), 'stock': 100, 'image': '/media/products/מאמי_אל_תכעסי_עליי_W1C1Qe1.jpg', 'category_id': 1, 'supplier_id': 1}, {'id': 3, 'name': 'boobies', 'description': 'big round beuties', 'price': Decimal('1.00'), 'stock': 111, 'image': '/media/products/מאמי_אל_תכעסי_עליי_BKAfFWP.jpg', 'category_id': 1, 'supplier_id': 1}, {'id': 4, 'name': 'egor', 'description': 'belarusian cuckolder', 'price': Decimal('1111.00'), 'stock': 111, 'image': '/media/products/WhatsApp_Image_2024-10-23_at_17_U4Ujyxw.20.42.png', 'category_id': 1, 'supplier_id': 1}, {'id': 5, 'name': 'boobies', 'description': 'sdgsdgsgds', 'price': Decimal('4.00'), 'stock': 111, 'image': '/media/products/WhatsApp_Image_2024-10-23_at_17_VuoNuRP.20.42.png', 'category_id': 1, 'supplier_id': 1}, {'id': 6, 'name': 'סיימון', 'description': 'hyeyreyre', 'price': Decimal('10000.00'), 'stock': 100000, 'image': '/media/products/what_IOXvJs0.jpg', 'category_id': 1, 'supplier_id': 1}]
[2025-01-29 20:56:06,678] INFO [django.server:213] "GET /products/ HTTP/1.1" 200 911
[2025-01-29 20:56:06,714] INFO [django.server:213] "GET /categories/ HTTP/1.1" 200 52
[2025-01-29 20:56:06,717] INFO [django.server:213] "GET /suppliers/ HTTP/1.1" 200 105
[2025-01-29 20:56:40,547] INFO [myapp.utils:29] Cache hit for key: all_products, value: [{'id': 2, 'name': 'eden', 'description': 'gfgsgssdgfg', 'price': 5.0, 'stock': 100, 'image': '/media/products/מאמי_אל_תכעסי_עליי_W1C1Qe1.jpg', 'category_id': 1, 'supplier_id': 1}, {'id': 3, 'name': 'boobies', 'description': 'big round beuties', 'price': 1.0, 'stock': 111, 'image': '/media/products/מאמי_אל_תכעסי_עליי_BKAfFWP.jpg', 'category_id': 1, 'supplier_id': 1}, {'id': 4, 'name': 'egor', 'description': 'belarusian cuckolder', 'price': 1111.0, 'stock': 111, 'image': '/media/products/WhatsApp_Image_2024-10-23_at_17_U4Ujyxw.20.42.png', 'category_id': 1, 'supplier_id': 1}, {'id': 5, 'name': 'boobies', 'description': 'sdgsdgsgds', 'price': 4.0, 'stock': 111, 'image': '/media/products/WhatsApp_Image_2024-10-23_at_17_VuoNuRP.20.42.png', 'category_id': 1, 'supplier_id': 1}, {'id': 6, 'name': 'סיימון', 'description': 'hyeyreyre', 'price': 10000.0, 'stock': 100000, 'image': '/media/products/what_IOXvJs0.jpg', 'category_id': 1, 'supplier_id': 1}]
[2025-01-29 20:56:40,548] INFO [django.server:213] "GET /products/ HTTP/1.1" 200 911
[2025-01-29 20:56:40,585] INFO [django.server:213] "GET /suppliers/ HTTP/1.1" 200 105
[2025-01-29 20:56:40,588] INFO [django.server:213] "GET /categories/ HTTP/1.1" 200 52
[2025-01-29 21:05:09,806] INFO [myapp.utils:29] Cache hit for key: all_products, value: [{'id': 2, 'name': 'eden', 'description': 'gfgsgssdgfg', 'price': 5.0, 'stock': 100, 'image': '/media/products/מאמי_אל_תכעסי_עליי_W1C1Qe1.jpg', 'category_id': 1, 'supplier_id': 1}, {'id': 3, 'name': 'boobies', 'description': 'big round beuties', 'price': 1.0, 'stock': 111, 'image': '/media/products/מאמי_אל_תכעסי_עליי_BKAfFWP.jpg', 'category_id': 1, 'supplier_id': 1}, {'id': 4, 'name': 'egor', 'description': 'belarusian cuckolder', 'price': 1111.0, 'stock': 111, 'image': '/media/products/WhatsApp_Image_2024-10-23_at_17_U4Ujyxw.20.42.png', 'category_id': 1, 'supplier_id': 1}, {'id': 5, 'name': 'boobies', 'description': 'sdgsdgsgds', 'price': 4.0, 'stock': 111, 'image': '/media/products/WhatsApp_Image_2024-10-23_at_17_VuoNuRP.20.42.png', 'category_id': 1, 'supplier_id': 1}, {'id': 6, 'name': 'סיימון', 'description': 'hyeyreyre', 'price': 10000.0, 'stock': 100000, 'image': '/media/products/what_IOXvJs0.jpg', 'category_id': 1, 'supplier_id': 1}]
[2025-01-29 21:05:09,807] INFO [django.server:213] "GET /products/ HTTP/1.1" 200 911
[2025-01-29 21:05:09,859] INFO [django.server:213] "GET /categories/ HTTP/1.1" 200 52
[2025-01-29 21:05:09,861] INFO [django.server:213] "GET /suppliers/ HTTP/1.1" 200 105
[2025-01-29 21:06:41,517] INFO [myapp.utils:32] Cache miss for key: all_products. Fetching and caching data.
[2025-01-29 21:06:41,518] INFO [myapp.utils:35] Fetched data for key: all_products, value: [{'id': 2, 'name': 'eden', 'description': 'gfgsgssdgfg', 'price': Decimal('5.00'), 'stock': 100, 'image': '/media/products/מאמי_אל_תכעסי_עליי_W1C1Qe1.jpg', 'category_id': 1, 'supplier_id': 1}, {'id': 3, 'name': 'boobies', 'description': 'big round beuties', 'price': Decimal('1.00'), 'stock': 111, 'image': '/media/products/מאמי_אל_תכעסי_עליי_BKAfFWP.jpg', 'category_id': 1, 'supplier_id': 1}, {'id': 4, 'name': 'egor', 'description': 'belarusian cuckolder', 'price': Decimal('1111.00'), 'stock': 111, 'image': '/media/products/WhatsApp_Image_2024-10-23_at_17_U4Ujyxw.20.42.png', 'category_id': 1, 'supplier_id': 1}, {'id': 5, 'name': 'boobies', 'description': 'sdgsdgsgds', 'price': Decimal('4.00'), 'stock': 111, 'image': '/media/products/WhatsApp_Image_2024-10-23_at_17_VuoNuRP.20.42.png', 'category_id': 1, 'supplier_id': 1}, {'id': 6, 'name': 'סיימון', 'description': 'hyeyreyre', 'price': Decimal('10000.00'), 'stock': 100000, 'image': '/media/products/what_IOXvJs0.jpg', 'category_id': 1, 'supplier_id': 1}]
[2025-01-29 21:06:41,519] INFO [django.server:213] "GET /products/ HTTP/1.1" 200 911
[2025-01-29 21:06:41,620] INFO [django.server:213] "GET /suppliers/ HTTP/1.1" 200 105
[2025-01-29 21:06:41,620] INFO [django.server:213] "GET /categories/ HTTP/1.1" 200 52
[2025-01-29 21:07:11,244] INFO [django.server:213] "POST /login/ HTTP/1.1" 200 532
[2025-01-29 21:07:11,301] INFO [django.server:213] "GET /carts/ HTTP/1.1" 200 364
[2025-01-29 21:07:14,137] INFO [django.server:213] "OPTIONS /shippings/ HTTP/1.1" 200 0
[2025-01-29 21:07:14,150] INFO [django.server:213] "GET /shippings/ HTTP/1.1" 200 156
[2025-01-29 21:07:32,342] INFO [django.server:213] "GET /shippings/ HTTP/1.1" 200 156
[2025-01-29 21:12:08,993] INFO [django.server:213] "POST /shippings/ HTTP/1.1" 201 141
[2025-01-29 21:12:18,675] INFO [django.server:213] "OPTIONS /shippings/3/ HTTP/1.1" 200 0
[2025-01-29 21:12:18,758] INFO [django.server:213] "DELETE /shippings/3/ HTTP/1.1" 204 0
[2025-01-29 21:12:23,921] INFO [django.server:213] "OPTIONS /shippings/1/ HTTP/1.1" 200 0
[2025-01-29 21:12:23,933] WARNING [django.request:248] Not Found: /shippings/1/
[2025-01-29 21:12:23,934] WARNING [django.server:213] "PUT /shippings/1/ HTTP/1.1" 404 0
[2025-01-29 21:12:29,028] INFO [django.server:213] "GET /carts/ HTTP/1.1" 200 364
[2025-01-29 21:12:33,022] INFO [django.server:213] "GET /categories/ HTTP/1.1" 200 52
[2025-01-29 21:19:05,814] INFO [django.server:213] "GET /suppliers/ HTTP/1.1" 200 105
[2025-01-29 21:19:38,936] INFO [django.server:213] "GET /suppliers/ HTTP/1.1" 200 105
[2025-01-29 21:19:49,491] INFO [django.server:213] "GET /suppliers/ HTTP/1.1" 200 105
[2025-01-29 21:20:02,802] INFO [django.server:213] "GET /suppliers/ HTTP/1.1" 200 105
[2025-01-29 21:20:19,044] INFO [django.server:213] "GET /suppliers/ HTTP/1.1" 200 105
[2025-01-29 21:20:26,188] INFO [django.server:213] "GET /suppliers/ HTTP/1.1" 200 105
[2025-01-29 21:20:39,048] INFO [django.server:213] "GET /suppliers/ HTTP/1.1" 200 105
[2025-01-29 21:26:15,100] INFO [django.server:213] "GET /suppliers/ HTTP/1.1" 200 105
[2025-01-29 21:29:31,799] INFO [django.server:213] "GET /suppliers/ HTTP/1.1" 200 105
[2025-01-29 21:35:31,283] INFO [django.server:213] "GET /suppliers/ HTTP/1.1" 200 105
[2025-01-29 21:35:37,708] INFO [django.server:213] "GET /suppliers/ HTTP/1.1" 200 105
[2025-01-29 21:39:59,575] INFO [django.server:213] "GET /suppliers/ HTTP/1.1" 200 105
[2025-01-29 21:44:11,191] INFO [django.server:213] "GET /suppliers/ HTTP/1.1" 200 105
[2025-01-29 21:45:12,849] INFO [django.server:213] "GET /suppliers/ HTTP/1.1" 200 105
[2025-01-29 21:45:15,668] INFO [django.server:213] "GET /suppliers/ HTTP/1.1" 200 105
[2025-01-29 21:47:08,079] INFO [django.server:213] "GET /suppliers/ HTTP/1.1" 200 105
[2025-01-29 21:47:37,972] INFO [django.server:213] "GET /suppliers/ HTTP/1.1" 200 105
[2025-01-29 21:51:24,588] INFO [django.server:213] "GET /suppliers/ HTTP/1.1" 200 105
[2025-01-29 21:57:45,022] INFO [django.server:213] "GET /suppliers/ HTTP/1.1" 200 105
[2025-01-29 21:57:51,342] INFO [django.server:213] "GET /suppliers/ HTTP/1.1" 200 105
[2025-01-29 22:07:34,668] INFO [django.server:213] "GET /suppliers/ HTTP/1.1" 200 105
[2025-01-29 22:14:02,390] INFO [django.server:213] "OPTIONS /suppliers/ HTTP/1.1" 200 0
[2025-01-29 22:14:02,410] INFO [django.server:213] "GET /suppliers/ HTTP/1.1" 200 105
[2025-01-29 22:14:11,601] INFO [django.server:213] "GET /suppliers/ HTTP/1.1" 200 105
[2025-01-29 22:40:28,077] WARNING [django.request:248] Unauthorized: /suppliers/
[2025-01-29 22:40:28,083] WARNING [django.server:213] "GET /suppliers/ HTTP/1.1" 401 183
[2025-01-29 22:40:50,940] WARNING [django.request:248] Unauthorized: /suppliers/
[2025-01-29 22:40:50,942] WARNING [django.server:213] "POST /suppliers/ HTTP/1.1" 401 183
[2025-01-29 22:52:29,173] WARNING [django.request:248] Unauthorized: /suppliers/
[2025-01-29 22:52:29,175] WARNING [django.server:213] "GET /suppliers/ HTTP/1.1" 401 183
[2025-02-01 10:49:16,241] INFO [django.utils.autoreload:668] Watching for file changes with StatReloader
[2025-02-01 10:49:31,450] INFO [django.server:213] "OPTIONS /login/ HTTP/1.1" 200 0
[2025-02-01 10:49:32,001] INFO [django.server:213] "POST /login/ HTTP/1.1" 200 532
[2025-02-01 10:49:32,073] INFO [django.server:213] "OPTIONS /carts/ HTTP/1.1" 200 0
[2025-02-01 10:49:32,136] INFO [django.server:213] "GET /carts/ HTTP/1.1" 200 364
[2025-02-01 10:50:15,510] INFO [django.server:213] "GET /carts/ HTTP/1.1" 200 364
[2025-02-01 10:50:27,335] INFO [django.server:213] "GET /carts/ HTTP/1.1" 200 364
[2025-02-01 10:50:29,218] INFO [django.server:213] "GET /carts/ HTTP/1.1" 200 364
[2025-02-01 10:58:04,377] INFO [django.server:213] "GET /carts/ HTTP/1.1" 200 364
[2025-02-01 10:58:12,146] INFO [django.server:213] "GET /carts/ HTTP/1.1" 200 364
[2025-02-01 11:02:36,349] INFO [django.server:213] "GET /carts/ HTTP/1.1" 200 364
[2025-02-01 11:03:16,317] INFO [django.server:213] "GET /carts/ HTTP/1.1" 200 364
[2025-02-01 11:03:22,002] INFO [django.server:213] "GET /carts/ HTTP/1.1" 200 364
[2025-02-01 11:03:28,117] INFO [django.server:213] "GET /carts/ HTTP/1.1" 200 364
[2025-02-01 11:07:32,633] INFO [django.server:213] "GET /carts/ HTTP/1.1" 200 364
[2025-02-01 11:11:11,370] INFO [django.server:213] "GET /carts/ HTTP/1.1" 200 364
[2025-02-01 11:15:01,395] INFO [django.server:213] "GET /carts/ HTTP/1.1" 200 364
[2025-02-01 11:18:03,426] INFO [django.server:213] "GET /carts/ HTTP/1.1" 200 364
[2025-02-01 11:19:48,611] INFO [django.server:213] "GET /carts/ HTTP/1.1" 200 364
[2025-02-01 11:19:55,854] INFO [django.server:213] "GET /carts/ HTTP/1.1" 200 364
[2025-02-01 11:20:15,268] INFO [django.server:213] "GET /carts/ HTTP/1.1" 200 364
[2025-02-01 11:21:36,467] INFO [django.server:213] "GET /carts/ HTTP/1.1" 200 364
[2025-02-01 11:22:05,336] INFO [django.server:213] "GET /carts/ HTTP/1.1" 200 364
[2025-02-01 11:22:53,299] INFO [django.server:213] "GET /carts/ HTTP/1.1" 200 364
[2025-02-01 11:23:15,327] INFO [django.server:213] "GET /carts/ HTTP/1.1" 200 364
[2025-02-01 11:23:19,509] INFO [django.server:213] "GET /carts/ HTTP/1.1" 200 364
[2025-02-01 11:28:26,017] INFO [django.server:213] "OPTIONS /carts/1/ HTTP/1.1" 200 0
[2025-02-01 11:28:26,029] INFO [django.server:213] "GET /carts/1/ HTTP/1.1" 200 180
[2025-02-01 11:28:31,567] INFO [django.server:213] "GET /carts/ HTTP/1.1" 200 364
[2025-02-01 11:28:32,825] INFO [django.server:213] "OPTIONS /shippings/ HTTP/1.1" 200 0
[2025-02-01 11:28:32,842] INFO [django.server:213] "GET /shippings/ HTTP/1.1" 200 156
[2025-02-01 11:28:34,289] INFO [django.server:213] "GET /carts/ HTTP/1.1" 200 364
[2025-02-01 11:39:12,667] INFO [django.server:213] "GET /carts/ HTTP/1.1" 200 364
[2025-02-01 11:39:21,339] INFO [django.server:213] "GET /carts/ HTTP/1.1" 200 364
[2025-02-01 11:40:20,269] INFO [django.server:213] "GET /carts/ HTTP/1.1" 200 364
[2025-02-01 11:40:24,046] INFO [django.server:213] "GET /carts/ HTTP/1.1" 200 364
[2025-02-01 11:40:24,087] INFO [django.server:213] "POST /carts/ HTTP/1.1" 201 181
[2025-02-01 11:40:24,111] INFO [django.server:213] "GET /carts/ HTTP/1.1" 200 546
[2025-02-01 11:40:25,396] INFO [django.server:213] "GET /carts/ HTTP/1.1" 200 546
[2025-02-01 11:40:25,454] INFO [django.server:213] "POST /carts/ HTTP/1.1" 201 181
[2025-02-01 11:40:25,486] INFO [django.server:213] "GET /carts/ HTTP/1.1" 200 728
[2025-02-01 11:40:31,278] INFO [django.server:213] "GET /carts/ HTTP/1.1" 200 728
[2025-02-01 11:40:31,293] INFO [django.server:213] "POST /carts/ HTTP/1.1" 201 181
[2025-02-01 11:40:31,326] INFO [django.server:213] "GET /carts/ HTTP/1.1" 200 910
[2025-02-01 11:40:31,470] INFO [django.server:213] "POST /carts/ HTTP/1.1" 201 181
[2025-02-01 11:40:31,470] INFO [django.server:213] "GET /carts/ HTTP/1.1" 200 910
[2025-02-01 11:40:31,506] INFO [django.server:213] "GET /carts/ HTTP/1.1" 200 1092
[2025-02-01 11:40:31,645] INFO [django.server:213] "POST /carts/ HTTP/1.1" 201 181
[2025-02-01 11:40:31,654] INFO [django.server:213] "GET /carts/ HTTP/1.1" 200 1092
[2025-02-01 11:40:31,687] INFO [django.server:213] "GET /carts/ HTTP/1.1" 200 1274
[2025-02-01 11:40:41,620] INFO [django.server:213] "OPTIONS /carts/8/ HTTP/1.1" 200 0
[2025-02-01 11:40:41,633] INFO [django.server:213] "GET /carts/8/ HTTP/1.1" 200 181
[2025-02-01 11:40:42,805] INFO [django.server:213] "DELETE /carts/8/ HTTP/1.1" 204 0
[2025-02-01 11:40:42,849] INFO [django.server:213] "GET /carts/ HTTP/1.1" 200 1092
[2025-02-01 11:40:46,117] INFO [django.server:213] "OPTIONS /carts/6/ HTTP/1.1" 200 0
[2025-02-01 11:40:46,129] INFO [django.server:213] "GET /carts/6/ HTTP/1.1" 200 181
[2025-02-01 11:40:46,975] INFO [django.server:213] "DELETE /carts/6/ HTTP/1.1" 204 0
[2025-02-01 11:40:47,011] INFO [django.server:213] "GET /carts/ HTTP/1.1" 200 910
[2025-02-01 11:40:48,293] WARNING [django.request:248] Not Found: /carts/6/
[2025-02-01 11:40:48,294] WARNING [django.server:213] "DELETE /carts/6/ HTTP/1.1" 404 45
[2025-02-01 11:40:50,200] INFO [django.server:213] "OPTIONS /carts/5/ HTTP/1.1" 200 0
[2025-02-01 11:40:50,212] INFO [django.server:213] "GET /carts/5/ HTTP/1.1" 200 181
[2025-02-01 11:40:51,048] INFO [django.server:213] "DELETE /carts/5/ HTTP/1.1" 204 0
[2025-02-01 11:40:51,077] INFO [django.server:213] "GET /carts/ HTTP/1.1" 200 728
[2025-02-01 11:40:52,599] INFO [django.server:213] "OPTIONS /carts/7/ HTTP/1.1" 200 0
[2025-02-01 11:40:52,612] INFO [django.server:213] "GET /carts/7/ HTTP/1.1" 200 181
[2025-02-01 11:40:53,618] INFO [django.server:213] "DELETE /carts/7/ HTTP/1.1" 204 0
[2025-02-01 11:40:53,641] INFO [django.server:213] "GET /carts/ HTTP/1.1" 200 546
[2025-02-01 11:42:44,516] INFO [django.server:213] "GET /carts/ HTTP/1.1" 200 546
[2025-02-01 11:42:46,299] INFO [django.server:213] "GET /carts/ HTTP/1.1" 200 546
[2025-02-01 11:42:48,164] INFO [django.server:213] "GET /carts/ HTTP/1.1" 200 546
[2025-02-01 11:42:52,008] INFO [django.server:213] "GET /carts/ HTTP/1.1" 200 546
[2025-02-01 11:43:20,338] INFO [django.server:213] "GET /carts/ HTTP/1.1" 200 546
[2025-02-01 11:43:39,291] INFO [django.server:213] "GET /carts/ HTTP/1.1" 200 546
[2025-02-01 11:43:50,100] INFO [django.server:213] "GET /carts/ HTTP/1.1" 200 546
[2025-02-01 11:44:19,250] INFO [django.server:213] "GET /carts/ HTTP/1.1" 200 546
[2025-02-01 11:44:29,856] INFO [django.server:213] "GET /carts/ HTTP/1.1" 200 546
[2025-02-01 11:45:06,562] INFO [django.server:213] "GET /carts/ HTTP/1.1" 200 546
[2025-02-01 11:45:17,242] INFO [django.server:213] "GET /carts/ HTTP/1.1" 200 546
[2025-02-01 11:46:22,601] INFO [django.server:213] "GET /carts/ HTTP/1.1" 200 546
[2025-02-01 11:46:24,080] INFO [django.server:213] "GET /carts/ HTTP/1.1" 200 546
[2025-02-01 11:46:31,685] INFO [django.server:213] "GET /carts/ HTTP/1.1" 200 546
[2025-02-01 11:46:38,990] INFO [django.server:213] "GET /carts/ HTTP/1.1" 200 546
[2025-02-01 11:46:48,647] INFO [django.server:213] "GET /carts/ HTTP/1.1" 200 546
[2025-02-01 11:47:10,514] INFO [django.server:213] "GET /carts/ HTTP/1.1" 200 546
[2025-02-01 11:47:21,659] INFO [django.server:213] "OPTIONS /carts/3/ HTTP/1.1" 200 0
[2025-02-01 11:47:21,671] INFO [django.server:213] "GET /carts/3/ HTTP/1.1" 200 181
[2025-02-01 11:47:22,523] INFO [django.server:213] "DELETE /carts/3/ HTTP/1.1" 204 0
[2025-02-01 11:47:22,548] INFO [django.server:213] "GET /carts/ HTTP/1.1" 200 364
[2025-02-01 11:51:13,494] INFO [django.server:213] "GET /carts/ HTTP/1.1" 200 364
[2025-02-01 11:51:15,268] INFO [django.server:213] "GET /carts/ HTTP/1.1" 200 364
[2025-02-01 11:51:15,319] INFO [django.server:213] "POST /carts/ HTTP/1.1" 201 181
[2025-02-01 11:51:15,341] INFO [django.server:213] "GET /carts/ HTTP/1.1" 200 546
[2025-02-01 11:51:16,810] INFO [django.server:213] "GET /carts/ HTTP/1.1" 200 546
[2025-02-01 11:51:16,888] INFO [django.server:213] "POST /carts/ HTTP/1.1" 201 182
[2025-02-01 11:51:16,914] INFO [django.server:213] "GET /carts/ HTTP/1.1" 200 729
[2025-02-01 11:52:44,189] INFO [django.server:213] "OPTIONS /carts/10/ HTTP/1.1" 200 0
[2025-02-01 11:52:44,203] INFO [django.server:213] "GET /carts/10/ HTTP/1.1" 200 182
[2025-02-01 11:52:45,312] INFO [django.server:213] "DELETE /carts/10/ HTTP/1.1" 204 0
[2025-02-01 11:52:45,337] INFO [django.server:213] "GET /carts/ HTTP/1.1" 200 546
[2025-02-01 11:52:51,831] INFO [django.server:213] "GET /carts/1/ HTTP/1.1" 200 180
[2025-02-01 11:52:55,433] INFO [django.server:213] "OPTIONS /carts/4/ HTTP/1.1" 200 0
[2025-02-01 11:52:55,445] INFO [django.server:213] "GET /carts/4/ HTTP/1.1" 200 181
[2025-02-01 11:52:56,194] INFO [django.server:213] "DELETE /carts/4/ HTTP/1.1" 204 0
[2025-02-01 11:52:56,212] INFO [django.server:213] "GET /carts/ HTTP/1.1" 200 364
[2025-02-01 11:54:05,290] INFO [django.server:213] "GET /carts/ HTTP/1.1" 200 364
[2025-02-01 11:54:09,602] INFO [django.server:213] "GET /carts/ HTTP/1.1" 200 364
[2025-02-01 11:54:09,648] INFO [django.server:213] "POST /carts/ HTTP/1.1" 201 182
[2025-02-01 11:54:09,673] INFO [django.server:213] "GET /carts/ HTTP/1.1" 200 547
[2025-02-01 11:54:11,705] INFO [django.server:213] "GET /carts/ HTTP/1.1" 200 547
[2025-02-01 11:54:11,738] INFO [django.server:213] "POST /carts/ HTTP/1.1" 201 182
[2025-02-01 11:54:11,766] INFO [django.server:213] "GET /carts/ HTTP/1.1" 200 730
[2025-02-01 11:54:14,350] INFO [django.server:213] "GET /carts/ HTTP/1.1" 200 730
[2025-02-01 11:54:14,377] INFO [django.server:213] "POST /carts/ HTTP/1.1" 201 182
[2025-02-01 11:54:14,408] INFO [django.server:213] "GET /carts/ HTTP/1.1" 200 913
[2025-02-01 11:58:35,264] INFO [django.server:213] "GET /carts/ HTTP/1.1" 200 913
[2025-02-01 11:58:39,082] INFO [django.server:213] "GET /carts/ HTTP/1.1" 200 913
[2025-02-01 11:58:42,527] INFO [django.server:213] "GET /carts/ HTTP/1.1" 200 913
[2025-02-01 11:58:42,563] INFO [django.server:213] "POST /carts/ HTTP/1.1" 201 182
[2025-02-01 11:58:42,599] INFO [django.server:213] "GET /carts/ HTTP/1.1" 200 1096
[2025-02-01 11:58:43,452] INFO [django.server:213] "GET /carts/ HTTP/1.1" 200 1096
[2025-02-01 11:58:43,535] INFO [django.server:213] "POST /carts/ HTTP/1.1" 201 182
[2025-02-01 11:58:43,572] INFO [django.server:213] "GET /carts/ HTTP/1.1" 200 1279
[2025-02-01 12:04:17,301] INFO [django.server:213] "GET /carts/ HTTP/1.1" 200 1279
[2025-02-01 12:04:22,611] INFO [django.server:213] "GET /carts/ HTTP/1.1" 200 1279
[2025-02-01 12:04:23,730] INFO [django.server:213] "GET /carts/ HTTP/1.1" 200 1279
[2025-02-01 12:04:26,522] INFO [django.server:213] "OPTIONS /carts/15/ HTTP/1.1" 200 0
[2025-02-01 12:04:26,535] INFO [django.server:213] "GET /carts/15/ HTTP/1.1" 200 182
[2025-02-01 12:04:27,607] INFO [django.server:213] "DELETE /carts/15/ HTTP/1.1" 204 0
[2025-02-01 12:04:27,643] INFO [django.server:213] "GET /carts/ HTTP/1.1" 200 1096
[2025-02-01 12:04:31,353] INFO [django.server:213] "OPTIONS /carts/9/ HTTP/1.1" 200 0
[2025-02-01 12:04:31,365] INFO [django.server:213] "GET /carts/9/ HTTP/1.1" 200 181
[2025-02-01 12:04:32,379] INFO [django.server:213] "DELETE /carts/9/ HTTP/1.1" 204 0
[2025-02-01 12:04:32,407] INFO [django.server:213] "GET /carts/ HTTP/1.1" 200 914
[2025-02-01 12:04:34,608] INFO [django.server:213] "OPTIONS /carts/13/ HTTP/1.1" 200 0
[2025-02-01 12:04:34,620] INFO [django.server:213] "GET /carts/13/ HTTP/1.1" 200 182
[2025-02-01 12:04:35,950] INFO [django.server:213] "DELETE /carts/13/ HTTP/1.1" 204 0
[2025-02-01 12:04:35,975] INFO [django.server:213] "GET /carts/ HTTP/1.1" 200 731
[2025-02-01 12:04:37,920] INFO [django.server:213] "OPTIONS /carts/14/ HTTP/1.1" 200 0
[2025-02-01 12:04:37,932] INFO [django.server:213] "GET /carts/14/ HTTP/1.1" 200 182
[2025-02-01 12:04:38,854] INFO [django.server:213] "DELETE /carts/14/ HTTP/1.1" 204 0
[2025-02-01 12:04:38,877] INFO [django.server:213] "GET /carts/ HTTP/1.1" 200 548
[2025-02-01 12:04:42,142] INFO [django.server:213] "GET /carts/1/ HTTP/1.1" 200 180
[2025-02-01 12:04:43,178] INFO [django.server:213] "DELETE /carts/1/ HTTP/1.1" 204 0
[2025-02-01 12:04:43,198] INFO [django.server:213] "GET /carts/ HTTP/1.1" 200 367
[2025-02-01 12:10:28,444] INFO [django.server:213] "GET /carts/ HTTP/1.1" 200 367
[2025-02-01 12:10:52,283] INFO [django.server:213] "GET /carts/ HTTP/1.1" 200 367
[2025-02-01 12:10:52,371] INFO [django.server:213] "POST /carts/ HTTP/1.1" 201 182
[2025-02-01 12:10:52,397] INFO [django.server:213] "GET /carts/ HTTP/1.1" 200 550
[2025-02-01 12:10:53,305] INFO [django.server:213] "GET /carts/ HTTP/1.1" 200 550
[2025-02-01 12:10:53,338] INFO [django.server:213] "POST /carts/ HTTP/1.1" 201 182
[2025-02-01 12:10:53,368] INFO [django.server:213] "GET /carts/ HTTP/1.1" 200 733
[2025-02-01 12:23:42,324] WARNING [django.request:248] Unauthorized: /carts/
[2025-02-01 12:23:42,325] WARNING [django.server:213] "GET /carts/ HTTP/1.1" 401 183
[2025-02-01 12:23:47,244] WARNING [django.request:248] Unauthorized: /carts/
[2025-02-01 12:23:47,246] WARNING [django.server:213] "GET /carts/ HTTP/1.1" 401 183
[2025-02-01 12:31:34,798] WARNING [django.request:248] Unauthorized: /carts/
[2025-02-01 12:31:34,802] WARNING [django.server:213] "GET /carts/ HTTP/1.1" 401 183
[2025-02-01 12:31:38,797] WARNING [django.request:248] Unauthorized: /carts/
[2025-02-01 12:31:38,799] WARNING [django.server:213] "GET /carts/ HTTP/1.1" 401 183
[2025-02-01 12:31:39,632] WARNING [django.request:248] Unauthorized: /carts/
[2025-02-01 12:31:39,633] WARNING [django.server:213] "GET /carts/ HTTP/1.1" 401 183
[2025-02-01 12:31:39,794] WARNING [django.request:248] Unauthorized: /carts/
[2025-02-01 12:31:39,795] WARNING [django.server:213] "GET /carts/ HTTP/1.1" 401 183
[2025-02-01 12:31:39,970] WARNING [django.request:248] Unauthorized: /carts/
[2025-02-01 12:31:39,971] WARNING [django.server:213] "GET /carts/ HTTP/1.1" 401 183
[2025-02-01 12:31:40,133] WARNING [django.request:248] Unauthorized: /carts/
[2025-02-01 12:31:40,135] WARNING [django.server:213] "GET /carts/ HTTP/1.1" 401 183
[2025-02-01 12:31:40,319] WARNING [django.request:248] Unauthorized: /carts/
[2025-02-01 12:31:40,320] WARNING [django.server:213] "GET /carts/ HTTP/1.1" 401 183
[2025-02-01 12:31:45,743] INFO [django.server:213] "POST /login/ HTTP/1.1" 200 532
[2025-02-01 12:31:45,802] INFO [django.server:213] "GET /carts/ HTTP/1.1" 200 733
[2025-02-01 12:31:55,427] INFO [django.server:213] "GET /carts/ HTTP/1.1" 200 733
[2025-02-01 12:43:45,169] INFO [django.server:213] "GET /carts/ HTTP/1.1" 200 733
[2025-02-01 12:43:45,177] INFO [django.server:213] "POST /carts/ HTTP/1.1" 201 182
[2025-02-01 12:43:45,211] INFO [django.server:213] "GET /carts/ HTTP/1.1" 200 916
[2025-02-01 12:53:49,160] INFO [django.server:213] "OPTIONS /login/ HTTP/1.1" 200 0
[2025-02-01 12:53:49,803] INFO [django.server:213] "POST /login/ HTTP/1.1" 200 532
[2025-02-01 12:53:49,893] INFO [django.server:213] "OPTIONS /carts/ HTTP/1.1" 200 0
[2025-02-01 12:53:49,936] INFO [django.server:213] "GET /carts/ HTTP/1.1" 200 916
[2025-02-01 12:53:59,469] INFO [django.server:213] "GET /carts/ HTTP/1.1" 200 916
[2025-02-01 12:54:09,217] INFO [django.server:213] "GET /carts/ HTTP/1.1" 200 916
[2025-02-01 12:54:10,998] INFO [django.server:213] "GET /carts/ HTTP/1.1" 200 916
[2025-02-01 12:54:17,040] INFO [django.server:213] "GET /carts/ HTTP/1.1" 200 916
[2025-02-01 12:54:25,508] INFO [django.server:213] "GET /carts/ HTTP/1.1" 200 916
[2025-02-01 12:54:32,280] INFO [django.server:213] "GET /carts/ HTTP/1.1" 200 916
[2025-02-01 12:54:33,299] INFO [django.server:213] "GET /carts/ HTTP/1.1" 200 916
[2025-02-01 12:54:39,109] INFO [django.server:213] "GET /carts/ HTTP/1.1" 200 916
[2025-02-01 12:54:44,281] INFO [django.server:213] "GET /carts/ HTTP/1.1" 200 916
[2025-02-01 12:54:50,627] INFO [django.server:213] "GET /carts/ HTTP/1.1" 200 916
[2025-02-01 12:57:52,221] INFO [django.server:213] "GET /carts/ HTTP/1.1" 200 916
[2025-02-01 12:58:22,247] INFO [django.server:213] "GET /carts/ HTTP/1.1" 200 916
[2025-02-01 12:58:33,675] INFO [django.server:213] "GET /carts/ HTTP/1.1" 200 916
[2025-02-01 12:58:49,019] INFO [django.server:213] "GET /carts/ HTTP/1.1" 200 916
[2025-02-01 12:59:00,478] INFO [django.server:213] "GET /carts/ HTTP/1.1" 200 916
[2025-02-01 12:59:08,023] INFO [django.server:213] "GET /carts/ HTTP/1.1" 200 916
[2025-02-01 13:06:21,981] INFO [django.server:213] "GET /carts/ HTTP/1.1" 200 916
[2025-02-01 13:08:45,210] INFO [django.server:213] "GET /carts/ HTTP/1.1" 200 916
[2025-02-01 13:08:55,206] INFO [django.server:213] "GET /carts/ HTTP/1.1" 200 916
[2025-02-01 13:08:58,429] INFO [django.server:213] "GET /carts/ HTTP/1.1" 200 916
[2025-02-01 13:09:07,984] INFO [django.server:213] "GET /carts/ HTTP/1.1" 200 916
[2025-02-01 13:09:09,790] INFO [django.server:213] "GET /carts/ HTTP/1.1" 200 916
[2025-02-01 13:09:10,371] INFO [django.server:213] "GET /carts/ HTTP/1.1" 200 916
[2025-02-01 13:09:10,537] INFO [django.server:213] "GET /carts/ HTTP/1.1" 200 916
[2025-02-01 13:09:10,696] INFO [django.server:213] "GET /carts/ HTTP/1.1" 200 916
[2025-02-01 13:09:10,866] INFO [django.server:213] "GET /carts/ HTTP/1.1" 200 916
[2025-02-01 13:09:34,040] INFO [django.server:213] "GET /carts/ HTTP/1.1" 200 916
[2025-02-01 13:24:03,262] INFO [django.server:213] "OPTIONS /carts/ HTTP/1.1" 200 0
[2025-02-01 13:24:03,308] INFO [django.server:213] "GET /carts/ HTTP/1.1" 200 916
[2025-02-01 13:27:21,197] INFO [django.server:213] "GET /carts/ HTTP/1.1" 200 916
[2025-02-01 13:27:56,257] INFO [django.server:213] "GET /carts/ HTTP/1.1" 200 916
[2025-02-01 13:30:53,541] INFO [django.server:213] "OPTIONS /carts/17/ HTTP/1.1" 200 0
[2025-02-01 13:30:53,555] INFO [django.server:213] "GET /carts/17/ HTTP/1.1" 200 182
[2025-02-01 13:30:54,442] INFO [django.server:213] "DELETE /carts/17/ HTTP/1.1" 204 0
[2025-02-01 13:30:54,469] INFO [django.server:213] "GET /carts/ HTTP/1.1" 200 733
[2025-02-01 13:30:56,181] INFO [django.server:213] "OPTIONS /carts/18/ HTTP/1.1" 200 0
[2025-02-01 13:30:56,193] INFO [django.server:213] "GET /carts/18/ HTTP/1.1" 200 182
[2025-02-01 13:30:57,863] INFO [django.server:213] "GET /carts/18/ HTTP/1.1" 200 182
[2025-02-01 13:30:58,416] INFO [django.server:213] "DELETE /carts/18/ HTTP/1.1" 204 0
[2025-02-01 13:30:58,438] INFO [django.server:213] "GET /carts/ HTTP/1.1" 200 550
[2025-02-01 13:31:00,003] INFO [django.server:213] "OPTIONS /carts/12/ HTTP/1.1" 200 0
[2025-02-01 13:31:00,025] INFO [django.server:213] "GET /carts/12/ HTTP/1.1" 200 182
[2025-02-01 13:31:00,775] INFO [django.server:213] "DELETE /carts/12/ HTTP/1.1" 204 0
[2025-02-01 13:31:00,795] INFO [django.server:213] "GET /carts/ HTTP/1.1" 200 367
[2025-02-01 13:31:58,108] INFO [django.server:213] "GET /carts/ HTTP/1.1" 200 367
[2025-02-01 13:32:04,201] INFO [django.server:213] "GET /carts/ HTTP/1.1" 200 367
[2025-02-01 13:32:05,205] INFO [django.server:213] "GET /carts/ HTTP/1.1" 200 367
[2025-02-01 13:32:14,263] INFO [django.server:213] "GET /carts/ HTTP/1.1" 200 367
[2025-02-01 13:32:17,243] INFO [django.server:213] "GET /carts/ HTTP/1.1" 200 367
[2025-02-01 13:35:57,096] INFO [django.server:213] "GET /carts/ HTTP/1.1" 200 367
[2025-02-01 13:36:08,438] INFO [django.server:213] "GET /carts/ HTTP/1.1" 200 367
[2025-02-01 13:36:08,528] INFO [django.server:213] "POST /carts/ HTTP/1.1" 201 182
[2025-02-01 13:36:08,553] INFO [django.server:213] "GET /carts/ HTTP/1.1" 200 550
[2025-02-01 13:36:10,750] INFO [django.server:213] "GET /carts/ HTTP/1.1" 200 550
[2025-02-01 13:36:10,783] INFO [django.server:213] "POST /carts/ HTTP/1.1" 201 182
[2025-02-01 13:36:10,809] INFO [django.server:213] "GET /carts/ HTTP/1.1" 200 733
[2025-02-01 14:05:22,862] INFO [django.server:213] "GET /carts/ HTTP/1.1" 200 733
[2025-02-01 14:05:32,137] INFO [django.server:213] "GET /carts/ HTTP/1.1" 200 733
[2025-02-01 14:08:49,106] INFO [django.server:213] "GET /carts/ HTTP/1.1" 200 733
[2025-02-01 14:08:56,123] INFO [django.server:213] "POST /carts/ HTTP/1.1" 201 182
[2025-02-01 14:08:56,138] INFO [django.server:213] "GET /carts/ HTTP/1.1" 200 733
[2025-02-01 14:08:56,167] INFO [django.server:213] "GET /carts/ HTTP/1.1" 200 916
[2025-02-01 14:10:07,159] INFO [django.server:213] "GET /carts/ HTTP/1.1" 200 916
[2025-02-01 14:10:12,154] INFO [django.server:213] "GET /carts/ HTTP/1.1" 200 916
[2025-02-01 14:10:12,186] INFO [django.server:213] "POST /carts/ HTTP/1.1" 201 182
[2025-02-01 14:10:12,227] INFO [django.server:213] "GET /carts/ HTTP/1.1" 200 1099
[2025-02-01 14:10:14,234] INFO [django.server:213] "GET /carts/ HTTP/1.1" 200 1099
[2025-02-01 14:24:45,182] WARNING [django.request:248] Unauthorized: /carts/
[2025-02-01 14:24:45,184] WARNING [django.server:213] "GET /carts/ HTTP/1.1" 401 183
[2025-02-01 14:24:48,527] WARNING [django.request:248] Unauthorized: /carts/
[2025-02-01 14:24:48,529] WARNING [django.request:248] Unauthorized: /carts/
[2025-02-01 14:24:48,530] WARNING [django.server:213] "POST /carts/ HTTP/1.1" 401 183
[2025-02-01 14:24:48,531] WARNING [django.server:213] "GET /carts/ HTTP/1.1" 401 183
[2025-02-01 14:24:54,436] WARNING [django.request:248] Unauthorized: /carts/
[2025-02-01 14:24:54,437] WARNING [django.server:213] "GET /carts/ HTTP/1.1" 401 183
[2025-02-01 14:25:02,270] INFO [django.server:213] "POST /login/ HTTP/1.1" 200 532
[2025-02-01 14:25:02,333] INFO [django.server:213] "GET /carts/ HTTP/1.1" 200 1099
[2025-02-01 14:25:10,017] INFO [django.server:213] "GET /carts/ HTTP/1.1" 200 1099
[2025-02-01 14:25:13,274] INFO [django.server:213] "GET /carts/ HTTP/1.1" 200 1099
[2025-02-01 14:25:13,288] INFO [django.server:213] "POST /carts/ HTTP/1.1" 201 182
[2025-02-01 14:25:13,331] INFO [django.server:213] "GET /carts/ HTTP/1.1" 200 1282
[2025-02-01 14:25:18,319] INFO [django.server:213] "GET /carts/ HTTP/1.1" 200 1282
[2025-02-01 14:28:47,034] INFO [django.server:213] "GET /carts/ HTTP/1.1" 200 1282
[2025-02-01 14:28:54,074] INFO [django.server:213] "GET /carts/ HTTP/1.1" 200 1282
[2025-02-01 14:30:14,180] INFO [django.server:213] "GET /carts/ HTTP/1.1" 200 1282
[2025-02-01 14:32:32,325] INFO [django.server:213] "GET /carts/ HTTP/1.1" 200 1282
[2025-02-01 14:37:12,112] INFO [django.server:213] "GET /carts/ HTTP/1.1" 200 1282
[2025-02-01 14:37:19,092] INFO [django.server:213] "GET /carts/ HTTP/1.1" 200 1282
[2025-02-01 17:05:03,849] INFO [django.utils.autoreload:266] /app/myapp/views/productViews.py changed, reloading.
[2025-02-01 17:05:05,178] INFO [django.utils.autoreload:668] Watching for file changes with StatReloader
[2025-02-01 17:05:19,090] INFO [django.utils.autoreload:266] /app/myproj/settings.py changed, reloading.
[2025-02-01 17:05:19,742] INFO [django.utils.autoreload:668] Watching for file changes with StatReloader
[2025-02-01 17:27:06,821] INFO [django.server:213] "OPTIONS /login/ HTTP/1.1" 200 0
[2025-02-01 17:27:07,368] INFO [django.server:213] "POST /login/ HTTP/1.1" 200 532
[2025-02-01 17:27:07,458] INFO [django.server:213] "OPTIONS /carts/ HTTP/1.1" 200 0
[2025-02-01 17:27:07,512] INFO [django.server:213] "GET /carts/ HTTP/1.1" 200 1282
[2025-02-01 18:24:58,722] INFO [django.server:213] "POST /login/ HTTP/1.1" 200 532
[2025-02-01 18:24:58,806] INFO [django.server:213] "GET /carts/ HTTP/1.1" 200 1282
[2025-02-01 18:30:15,445] INFO [django.server:213] "GET /carts/ HTTP/1.1" 200 1282
[2025-02-01 18:30:19,712] INFO [django.server:213] "GET /carts/ HTTP/1.1" 200 1282
[2025-02-01 18:30:35,595] INFO [django.server:213] "GET /carts/ HTTP/1.1" 200 1282
[2025-02-01 18:30:45,173] INFO [django.server:213] "POST /login/ HTTP/1.1" 200 532
[2025-02-01 18:30:45,246] INFO [django.server:213] "GET /carts/ HTTP/1.1" 200 1282
[2025-02-01 18:32:29,675] INFO [django.server:213] "POST /login/ HTTP/1.1" 200 532
[2025-02-01 18:32:29,749] INFO [django.server:213] "GET /carts/ HTTP/1.1" 200 1282
[2025-02-01 18:36:41,980] INFO [django.server:213] "GET /carts/ HTTP/1.1" 200 1282
[2025-02-01 18:36:42,743] INFO [django.server:213] "GET /carts/ HTTP/1.1" 200 1282
[2025-02-01 18:36:42,916] INFO [django.server:213] "GET /carts/ HTTP/1.1" 200 1282
[2025-02-01 18:36:43,063] INFO [django.server:213] "GET /carts/ HTTP/1.1" 200 1282
[2025-02-01 18:36:43,275] INFO [django.server:213] "GET /carts/ HTTP/1.1" 200 1282
[2025-02-01 18:36:43,429] INFO [django.server:213] "GET /carts/ HTTP/1.1" 200 1282
[2025-02-01 18:36:43,794] INFO [django.server:213] "GET /carts/ HTTP/1.1" 200 1282
[2025-02-01 18:37:47,046] INFO [django.server:213] "POST /login/ HTTP/1.1" 200 532
[2025-02-01 18:37:47,110] INFO [django.server:213] "GET /carts/ HTTP/1.1" 200 1282
[2025-02-01 18:45:00,250] INFO [django.server:213] "GET /carts/ HTTP/1.1" 200 1282
[2025-02-01 18:45:00,931] INFO [django.server:213] "GET /carts/ HTTP/1.1" 200 1282
[2025-02-01 18:45:01,079] INFO [django.server:213] "GET /carts/ HTTP/1.1" 200 1282
[2025-02-01 18:45:01,250] INFO [django.server:213] "GET /carts/ HTTP/1.1" 200 1282
[2025-02-01 18:45:01,425] INFO [django.server:213] "GET /carts/ HTTP/1.1" 200 1282
[2025-02-01 18:45:01,579] INFO [django.server:213] "GET /carts/ HTTP/1.1" 200 1282
[2025-02-01 18:45:01,771] INFO [django.server:213] "GET /carts/ HTTP/1.1" 200 1282
[2025-02-01 18:45:01,965] INFO [django.server:213] "GET /carts/ HTTP/1.1" 200 1282
[2025-02-01 18:45:02,111] INFO [django.server:213] "GET /carts/ HTTP/1.1" 200 1282
[2025-02-01 18:45:02,251] INFO [django.server:213] "GET /carts/ HTTP/1.1" 200 1282
[2025-02-01 18:45:02,400] INFO [django.server:213] "GET /carts/ HTTP/1.1" 200 1282
[2025-02-01 18:45:48,953] INFO [django.server:213] "POST /login/ HTTP/1.1" 200 532
[2025-02-01 18:45:49,018] INFO [django.server:213] "GET /carts/ HTTP/1.1" 200 1282
